0.149231257509 1 0.5 0.33 1.00130752083 2.89159347354 8.54165736307
0.0191957413648 1 0.5 0.33 1.00125852058 2.79152579345 8.2004810077
0.0114217974886 1 0.5 0.33 1.00134001925 2.89600059472 8.67379870893
0.0671799065576 1 0.5 0.33 1.00130896117 2.9225987023 8.64009660544
1.36241630405 1 0.5 0.33 1.00139468547 3.17019948644 9.23924935482
0.547281806253 1 0.5 0.33 1.00134224641 2.92585901045 8.71922735065
0.464061097652 1 0.5 0.33 1.00142939901 3.22660476605 9.56791721178
0.0354089261726 1 0.5 0.33 1.00135835653 2.95892890209 8.81780757318
1.08490180957 1 0.5 0.33 1.00132919303 2.97118834216 8.7460096466
0.173112462842 1 0.5 0.33 1.00132714542 2.93624039729 8.68666836227
0.329055267573 1 0.5 0.33 1.00136819776 3.09708912583 9.03416584217
0.79948950667 1 0.5 0.33 1.00145166496 3.32828711801 9.78550459595
2.50174253239 1 0.5 0.33 1.00136371769 3.12392769587 9.09747925573
0.0147183919292 1 0.5 0.33 1.00130289465 2.85965845105 8.40981113439
6.326296847 1 0.5 0.33 1.00136659549 3.03683085638 8.97355959002
1.32205363278 1 0.5 0.33 1.00136146434 3.12498303262 9.11439058733
0.405009122142 1 0.5 0.33 1.00130579188 2.85445280953 8.5007343861
0.562741025666 1 0.5 0.33 1.00135531387 3.0994106653 9.06483504597
0.17706889834 1 0.5 0.33 1.00132005708 2.95779548067 8.70151396062
0.976737482251 1 0.5 0.33 1.00136728972 3.09472826741 9.09244970329
0.685768764012 1 0.5 0.33 1.00138170709 3.08646803111 9.06916965967
2.36373590331 1 0.5 0.33 1.00134820372 3.04077714771 8.88687063184
5.51708528711 1 0.5 0.33 1.00142971963 3.27796129801 9.54359217294
2.46739986893 1 0.5 0.33 1.0013840953 3.22394049523 9.27412120491
1.32208877878 1 0.5 0.33 1.00152245915 3.48252834608 10.233388286
1.18368048111 1 0.5 0.33 1.00146952728 3.3293400201 9.75700205227
2.33069866273 1 0.5 0.33 1.00147698613 3.33822725536 9.89764715399
0.0628448984246 1 0.5 0.33 1.00137464307 3.10108622948 9.04107274887
0.385908107616 1 0.5 0.33 1.00139948665 3.09466558592 9.23191607101
0.121203493551 1 0.5 0.33 1.00132757571 2.87191768192 8.65052276352
0.0238842178469 1 0.5 0.33 1.00130913861 2.95480554893 8.59705876641
0.430891641166 1 0.5 0.33 1.0013989025 3.1121386368 9.17635067764
1.44651566267 1 0.5 0.33 1.00133032086 2.95106453337 8.69077013326
0.176027907274 1 0.5 0.33 1.00143131165 3.23929141901 9.48291279627
0.630664855903 1 0.5 0.33 1.00147692411 3.43026804482 9.97558770655
4.22803040167 1 0.5 0.33 1.00143205579 3.33940096823 9.67820973638
0.552644081775 1 0.5 0.33 1.00149036279 3.38424174758 9.98335752289
0.181011944885 1 0.5 0.33 1.00137296594 3.09834159461 9.04120974429
0.162389418054 1 0.5 0.33 1.00139294718 3.1494564006 9.21180788435
1.75425404406 1 0.5 0.33 1.00145497734 3.26535515698 9.6186976825
0.324471224921 1 0.5 0.33 1.00140746833 3.15999274113 9.32565573204
4.30900009262 1 0.5 0.33 1.00141885802 3.21846252143 9.44134830999
20.0146431791 1 0.5 0.33 1.00146609064 3.38030779805 9.86167016749
0.0037469653342 1 0.5 0.33 1.00145311219 3.2393603826 9.56172981923
0.067364172018 1 0.5 0.33 1.00132370689 2.96386791006 8.7185144611
1.46625097882 1 0.5 0.33 1.00138266966 3.1344664327 9.14614861972
0.129067662232 1 0.5 0.33 1.00144838109 3.38632787726 9.86375488249
0.0499960226852 1 0.5 0.33 1.00155810634 3.58371539755 10.6018826964
1.17222455853 1 0.5 0.33 1.00135761443 3.21091172831 9.20758183412
0.587890499535 1 0.5 0.33 1.0015104847 3.53853659066 10.2750136385
0.149580374449 1 0.5 0.33 1.00151058551 3.56323669192 10.2977796701
0.376850481172 1 0.5 0.33 1.00143465635 3.40526016953 9.74080039163
0.0894182874043 1 0.5 0.33 1.00142083313 3.39368821864 9.7428957536
0.154467509515 1 0.5 0.33 1.00139622746 3.29832074097 9.4913638071
0.000179179331996 1 0.5 0.33 1.00160954712 3.70129795846 10.9128481658
0.0866559791178 1 0.5 0.33 1.00147995891 3.48295297101 10.0244157176
0.0814970483132 1 0.5 0.33 1.0014920707 3.53690074617 10.1604326409
0.431649790608 1 0.5 0.33 1.00153639865 3.63335765046 10.57258419
6.63230135902 1 0.5 0.33 1.00149699505 3.49053221394 10.1188284068
1.56989925274 1 0.5 0.33 1.00151786094 3.45540318187 10.2355302114
0.172682832867 1 0.5 0.33 1.00156147196 3.57883966817 10.5597467771
0.0644792150955 1 0.5 0.33 1.00142923031 3.24603305967 9.56719100725
0.421145226383 1 0.5 0.33 1.00135043971 2.93321444223 8.73271486028
0.0541276352836 1 0.5 0.33 1.00131379069 2.95716647735 8.59985544022
3.13513108419 1 0.5 0.33 1.00143940556 3.31881701783 9.65617039104
0.712227745271 1 0.5 0.33 1.00146161003 3.30921181849 9.69469643431
0.0333679825755 1 0.5 0.33 1.00139680993 3.13631314477 9.32427722315
0.739755158854 1 0.5 0.33 1.00139081532 3.16284314397 9.31219105799
0.088099478454 1 0.5 0.33 1.00135848939 3.01830067105 8.89504242254
2.47929961754 1 0.5 0.33 1.00138988468 3.10419356721 9.16312621332
0.542599134604 1 0.5 0.33 1.00139386465 3.208470779 9.23637982896
0.107419836729 1 0.5 0.33 1.00151737182 3.4304204396 10.1466123858
0.113401050683 1 0.5 0.33 1.00142779333 3.15062206372 9.29034137502
0.089751399857 1 0.5 0.33 1.0015224777 3.41719335336 10.1219931169
0.0999865361509 1 0.5 0.33 1.00149241713 3.43213622759 10.0023332593
0.889783365968 1 0.5 0.33 1.00143427472 3.28982062309 9.5700129548
0.68143936001 1 0.5 0.33 1.00150760682 3.45458336561 10.1212794723
0.533459286507 1 0.5 0.33 1.00129929031 2.89230631316 8.51812276088
2.8964149578 1 0.5 0.33 1.00135615153 3.01685906638 8.90092281232
3.60760549834 1 0.5 0.33 1.00141785742 3.17952485632 9.34450317324
0.224049360007 1 0.5 0.33 1.00140521261 3.09889825614 9.24994225553
0.000950819407089 1 0.5 0.33 1.00129151392 2.85201942396 8.36921097586
0.00355123687851 1 0.5 0.33 1.0013420315 2.86055315491 8.673001134
0.011546093928 1 0.5 0.33 1.00130360703 2.87867958225 8.53513651054
2.27566175518 1 0.5 0.33 1.00134210825 3.01917717582 8.86487616381
0.0142411667033 1 0.5 0.33 1.00125847876 2.81286984045 8.19428448461
0.694007515481 1 0.5 0.33 1.00139125264 3.08339909781 9.16411490402
0.00327777051051 1 0.5 0.33 1.00140873853 2.98637117695 9.0862093485
1.04951360802 1 0.5 0.33 1.00136957338 3.11243573124 9.05925489059
3.84088653315 1 0.5 0.33 1.00135225813 3.08390166391 8.97782753456
0.0140504248566 1 0.5 0.33 1.00131626206 2.80281298904 8.42374842477
0.00471256021215 1 0.5 0.33 1.00141311487 3.14117490197 9.36334100679
1.46558425901 1 0.5 0.33 1.00140816096 3.19303762556 9.37668884564
0.0590170075029 1 0.5 0.33 1.0013037944 3.00728619901 8.71147411177
0.211156266836 1 0.5 0.33 1.00135179639 2.93792847614 8.78899492502
0.0115792432384 1 0.5 0.33 1.00132219712 2.84413327737 8.55456486451
0.737495644498 1 0.5 0.33 1.00140349976 3.16993783476 9.32255296463
0.127187778796 1 0.5 0.33 1.00130710026 2.88407996913 8.50662576017
0.00562819502606 1 0.5 0.33 1.00145691986 3.24727617712 9.66944773661
1.24771956652 1 0.5 0.33 1.00143132433 3.18843184539 9.47327349536
0.0731297287698 1 0.5 0.33 1.00144804988 3.260564759 9.56086896758
0.405778141472 1 0.5 0.33 1.00146531106 3.34013969772 9.75073562322
7.50926097656 1 0.5 0.33 1.00146799839 3.43275213539 9.95872367827
0.0701997572134 1 0.5 0.33 1.00152362821 3.54243251061 10.3626042783
1.75802373937 1 0.5 0.33 1.00153007285 3.57613168701 10.4322634939
0.810317155657 1 0.5 0.33 1.00147026182 3.37365642239 9.79634158839
1.22162172322 1 0.5 0.33 1.00147909721 3.42076853551 9.96933158231
0.242818621365 1 0.5 0.33 1.00146670422 3.27139369913 9.68181243759
0.556751723435 1 0.5 0.33 1.00137641495 3.12090469393 9.12653807906
0.147796193004 1 0.5 0.33 1.00136185259 3.08767330856 8.924220584
0.888610685558 1 0.5 0.33 1.00141014683 3.1767072361 9.3061264244
5.59953595699 1 0.5 0.33 1.00152465457 3.52748725353 10.2892824101
0.222961300557 1 0.5 0.33 1.00142419988 3.34818841181 9.59296324292
0.188520090873 1 0.5 0.33 1.00149713068 3.49623618613 10.0883436117
0.242713887226 1 0.5 0.33 1.00144142374 3.3966521616 9.83441836021
0.536015724002 1 0.5 0.33 1.00150029604 3.50007081413 10.191698127
1.7499034431 1 0.5 0.33 1.00149093327 3.42077649822 9.98880787113
0.0174997145228 1 0.5 0.33 1.00146281886 3.33100879399 9.80055386137
0.183356833815 1 0.5 0.33 1.00137261659 3.18878471868 9.28024863029
1.61574853172 1 0.5 0.33 1.0013690474 3.1058758538 9.12267000912
0.0729814687542 1 0.5 0.33 1.00150308023 3.3863266201 9.99359602512
0.365377967307 1 0.5 0.33 1.00146648504 3.26422390753 9.67388139578
0.337326900314 1 0.5 0.33 1.00132994224 2.93957596545 8.68680557967
0.0752116258332 1 0.5 0.33 1.00143883458 3.19071656917 9.48181427683
0.117598076153 1 0.5 0.33 1.00144406273 3.19705555069 9.50122746468
0.841578256015 1 0.5 0.33 1.00145790996 3.32162158048 9.77251356841
0.0426296511524 1 0.5 0.33 1.00129997047 2.87880572863 8.5290588351
0.217334220882 1 0.5 0.33 1.00129147769 2.94544381946 8.56005197328
0.062940321164 1 0.5 0.33 1.00129715092 2.81099699039 8.38222989209
0.194402885071 1 0.5 0.33 1.00143951212 3.19987087114 9.50900984686
0.000245560751562 1 0.5 0.33 1.00148732728 3.23826735276 9.79464768586
0.00223377516748 1 0.5 0.33 1.00136945471 3.01595908344 8.93393789404
0.564242254683 1 0.5 0.33 1.00135906014 2.95311924119 8.79012230874
0.243041691481 1 0.5 0.33 1.00149645724 3.41829210512 10.0901060051
2.93469139363 1 0.5 0.33 1.00139796781 3.22565830139 9.34879755549
0.0628519092281 1 0.5 0.33 1.00139846973 3.14173907106 9.24375714345
1.67388278004 1 0.5 0.33 1.00137370477 3.13987960343 9.15631967601
5.99779772372 1 0.5 0.33 1.0014307835 3.31204401361 9.608928261
0.453588596051 1 0.5 0.33 1.00147766863 3.35329953692 9.83467263046
0.0331492658443 1 0.5 0.33 1.0015083701 3.30091071534 9.94072084949
8.01823387558 1 0.5 0.33 1.00138817958 3.15266644209 9.24386626265
0.0375271825937 1 0.5 0.33 1.00157750587 3.54969650068 10.5822993174
0.255627859607 1 0.5 0.33 1.00137170415 3.10265384081 9.15993039702
1.46288523707 1 0.5 0.33 1.00141869952 3.20041229179 9.42720779917
0.169598514131 1 0.5 0.33 1.00141461694 3.12895591802 9.26227163124
0.291830092961 1 0.5 0.33 1.00131405089 2.94652925553 8.64713400366
0.37449862069 1 0.5 0.33 1.00142030659 3.13022589423 9.37830379884
0.0127562638098 1 0.5 0.33 1.00144114615 3.16617978002 9.53758643656
0.0187428770328 1 0.5 0.33 1.00133131363 2.87888105453 8.6611064988
1.33057406872 1 0.5 0.33 1.00144378866 3.18931377586 9.51883516756
0.0451413451343 1 0.5 0.33 1.0012646234 2.85200245525 8.30563020533
0.462121389449 1 0.5 0.33 1.00134028728 3.08351851851 8.96067615523
0.0539401344803 1 0.5 0.33 1.00148860403 3.34303590131 9.98636209932
0.00115409713025 1 0.5 0.33 1.00132304934 2.96848397928 8.71551135641
0.75557187242 1 0.5 0.33 1.00133217088 2.95156322417 8.750239012
0.117954846965 1 0.5 0.33 1.00133624081 2.91591569411 8.71875385852
0.679676049917 1 0.5 0.33 1.00136403613 2.97120877564 8.87082342284
0.364432633854 1 0.5 0.33 1.00136652452 2.99067303076 8.88872294595
10.3888716191 1 0.5 0.33 1.00142178667 3.20360667551 9.4040236092
0.165699316433 1 0.5 0.33 1.00130888725 2.84525300605 8.50027639176
0.125605521976 1 0.5 0.33 1.00143371103 3.19227841969 9.52895649269
0.00605870745305 1 0.5 0.33 1.00138217622 3.06288668217 9.07480328718
0.0572980885049 1 0.5 0.33 1.00136077454 3.03306984858 9.01290080503
0.056139712495 1 0.5 0.33 1.00136452775 2.94332208299 8.83985494183
0.546197914387 1 0.5 0.33 1.00133303656 2.97703799593 8.72195255001
0.0201222847404 1 0.5 0.33 1.00131253534 2.97685409881 8.68970916622
0.907072372241 1 0.5 0.33 1.00139733161 3.09529342587 9.15384255884
0.0157565388143 1 0.5 0.33 1.001243885 2.68852773158 7.96847863478
0.0114228188586 1 0.5 0.33 1.00143254232 3.02678398262 9.27672665494
0.161420436776 1 0.5 0.33 1.00147263634 3.30060087138 9.86576219921
1.8803826607 1 0.5 0.33 1.00135824713 2.99564200694 8.87396884156
4.56272234936 1 0.5 0.33 1.00141493675 3.12573798348 9.31322728459
0.0583672118103 1 0.5 0.33 1.00136627616 3.09165004306 9.15184336189
0.269712604581 1 0.5 0.33 1.00138981593 3.173610968 9.31094065072
0.34174001441 1 0.5 0.33 1.00132356031 2.96077005186 8.70545574744
0.00124469101177 1 0.5 0.33 1.00126958358 2.87083972255 8.33180315186
3.49844350895 1 0.5 0.33 1.00138878934 3.06611936636 9.10453655358
0.248081949134 1 0.5 0.33 1.00133198115 2.99539009847 8.79472329827
0.00649105805403 1 0.5 0.33 1.00129140887 2.88984447926 8.47553230926
0.718326766556 1 0.5 0.33 1.00141511539 3.20263546912 9.42893979778
0.0533191838462 1 0.5 0.33 1.00137177552 3.1218192905 9.08490417573
15.5464131289 1 0.5 0.33 1.00144488971 3.28905223638 9.6159046606
1.91986624348 1 0.5 0.33 1.00142737655 3.21742748535 9.48260236225
0.400832941393 1 0.5 0.33 1.00141552681 3.13898027135 9.39563833666
0.00363353964805 1 0.5 0.33 1.00126273712 2.6904449949 8.06030740182
2.27958566634 1 0.5 0.33 1.00133402857 3.00229367036 8.82909048695
1.66947422435 1 0.5 0.33 1.00134104589 2.98132085951 8.79436435078
4.79456460186 1 0.5 0.33 1.00136123696 3.03766064129 8.97360376239
0.262706028633 1 0.5 0.33 1.00141343832 3.07394861767 9.26499306165
0.121096589893 1 0.5 0.33 1.00148349352 3.30237211193 9.88795669652
2.64114025844 1 0.5 0.33 1.00145334136 3.33167241183 9.76716830632
0.00378619995574 1 0.5 0.33 1.00132495195 3.01890079372 8.87800231563
0.844762529598 1 0.5 0.33 1.00132790422 2.92837200178 8.68728468606
0.949264559829 1 0.5 0.33 1.00137085996 3.04314520399 9.01183311883
0.430885329305 1 0.5 0.33 1.00137689733 3.16206191232 9.24143495759
0.0116739435136 1 0.5 0.33 1.00132511759 2.90442651349 8.54034700467
0.189808285613 1 0.5 0.33 1.00140185557 3.05874497352 9.18448596242
0.0946171738838 1 0.5 0.33 1.00130431264 2.88948144515 8.5089281441
0.04788001903 1 0.5 0.33 1.00128980937 2.81916026858 8.29458746724
4.38039864282 1 0.5 0.33 1.00141994319 3.1933820322 9.45920792852
0.0913303356505 1 0.5 0.33 1.00132614977 2.91373101677 8.57887139131
2.87878155029 1 0.5 0.33 1.001397458 3.12829727539 9.19617883655
7.87242263906 1 0.5 0.33 1.00142917127 3.2393635433 9.47966214901
1.64107563655 1 0.5 0.33 1.0013787375 3.08094603454 9.09664701074
0.0106271572487 1 0.5 0.33 1.00133828659 3.0051602841 8.85410218448
0.012143427058 1 0.5 0.33 1.00141937123 3.17774615755 9.50820454579
0.818836289442 1 0.5 0.33 1.00136364695 3.02389619296 8.9975852931
0.00344477256444 1 0.5 0.33 1.00148921834 3.32062186453 9.98680414198
0.021414802315 1 0.5 0.33 1.00147952353 3.31669175133 9.8116655111
0.130843032954 1 0.5 0.33 1.00136786997 3.06626028498 8.9689539596
0.706396973244 1 0.5 0.33 1.00138754602 3.05874981282 9.11883134783
0.931332880104 1 0.5 0.33 1.00135499849 3.07657939552 8.9690115124
0.740301068779 1 0.5 0.33 1.00136947054 3.02216806218 9.00791930087
0.205264038041 1 0.5 0.33 1.00137819824 3.0614099742 9.06402006063
1.31267102622 1 0.5 0.33 1.00136385134 3.06651592291 8.98291874282
20.8846555688 1 0.5 0.33 1.0013941287 3.14997172648 9.2616903086
0.461937633881 1 0.5 0.33 1.0013175041 2.89534593388 8.58147417844
0.25160194216 1 0.5 0.33 1.00134534913 2.95610735419 8.75442308124
0.0146696682375 1 0.5 0.33 1.00127192413 2.72039036493 8.11856386316
0.0110517287894 1 0.5 0.33 1.0012781498 2.80688533934 8.30171474764
0.0273629405272 1 0.5 0.33 1.00133151459 2.97509734341 8.71324272418
1.35445553463 1 0.5 0.33 1.00138147462 3.07286491936 9.11146686133
1.00640725165 1 0.5 0.33 1.00135538397 3.05926835547 8.99975148696
0.00412904784512 1 0.5 0.33 1.00123303044 2.7788719498 8.12273960845
3.26894860541 1 0.5 0.33 1.0013959099 3.09639159406 9.2142439634
0.0545285664801 1 0.5 0.33 1.00150858045 3.42839893778 10.1595425185
0.231662477748 1 0.5 0.33 1.00140868488 3.17574209899 9.35082068851
0.676939311553 1 0.5 0.33 1.00141125513 3.21097697424 9.41523306968
0.821099479189 1 0.5 0.33 1.00152238033 3.47373814441 10.2384130008
1.58176679942 1 0.5 0.33 1.00137303344 3.11836758543 9.06244365552
1.16319446863 1 0.5 0.33 1.00143728953 3.23324732256 9.51933152531
0.0201069916105 1 0.5 0.33 1.00130775703 3.02946982888 8.67890679867
1.24343934015 1 0.5 0.33 1.00141863279 3.24158051457 9.50482656039
4.64795673599 1 0.5 0.33 1.00144768008 3.35033752326 9.76995742847
5.24026610677 1 0.5 0.33 1.00146769554 3.44633027809 9.99731676983
1.10877925308 1 0.5 0.33 1.00146795889 3.46989029537 10.075920282
1.8651170284 1 0.5 0.33 1.00142730921 3.32949699009 9.60116010044
0.170169939168 1 0.5 0.33 1.00147720324 3.42173815702 10.0510520147
0.0845279655733 1 0.5 0.33 1.00154558168 3.56114247012 10.5338277545
1.30922079607 1 0.5 0.33 1.00141468753 3.32520387189 9.62649962241
0.350370825839 1 0.5 0.33 1.00157733962 3.65372490844 10.724472471
0.756465075048 1 0.5 0.33 1.00156275376 3.63703397053 10.6144691685
2.74490709796 1 0.5 0.33 1.0014433135 3.39926845635 9.80863105216
6.1293057202 1 0.5 0.33 1.00139325155 3.28127112418 9.438660564
1.72459979971 1 0.5 0.33 1.00139608088 3.29178700637 9.42501642757
0.000534744164145 1 0.5 0.33 1.00151107136 3.49155561766 10.1291747617
3.94843120297 1 0.5 0.33 1.00143906463 3.34399387951 9.65757071138
0.0135445553463 1 0.5 0.33 1.0013635094 3.18084454967 9.10154626741
0.441418568726 1 0.5 0.33 1.00140958904 3.32545639016 9.59480086957
0.0261732297966 1 0.5 0.33 1.00137819824 3.19226216354 9.18001477964
0.411392084585 1 0.5 0.33 1.00137207695 3.11542716101 9.10163363568
0.109765677814 1 0.5 0.33 1.00139307298 3.15350685665 9.2541561313
1.20552162729 1 0.5 0.33 1.00140338896 3.17925904641 9.32832783842
0.868488833309 1 0.5 0.33 1.00142148126 3.18556051599 9.39528187379
0.338198805297 1 0.5 0.33 1.00131356028 2.95748213436 8.62379574053
0.0271048200203 1 0.5 0.33 1.00131282859 2.84298866301 8.48416717705
0.164408949472 1 0.5 0.33 1.0013527667 3.04806144699 8.92596903783
2.09938915052 1 0.5 0.33 1.00136660732 3.08591700937 9.06149048988
2.70418472839 1 0.5 0.33 1.00134449068 3.00987785242 8.81018147766
0.116163707837 1 0.5 0.33 1.00141809497 3.16819769011 9.45568717756
0.0224197838537 1 0.5 0.33 1.00137432092 3.00032898588 8.95388439106
0.0199507108839 1 0.5 0.33 1.00143574697 3.17957501222 9.48633854298
1.0879454342 1 0.5 0.33 1.00138171511 3.10682308187 9.13998680111
0.0993334653262 1 0.5 0.33 1.00137622366 3.12122544329 9.08598443726
0.220148623871 1 0.5 0.33 1.00133424916 3.05164177769 8.90503550518
0.240572104267 1 0.5 0.33 1.00139671215 3.04308408427 9.06373491002
0.00827017562163 1 0.5 0.33 1.00132319959 2.86671339793 8.55078264846
0.0944545002164 1 0.5 0.33 1.00135447309 2.99412766447 8.83842143636
0.02807292771 1 0.5 0.33 1.00137401478 3.1962370587 9.32561652105
0.759309532912 1 0.5 0.33 1.00140421409 3.15779908727 9.30399203463
0.124964117479 1 0.5 0.33 1.00134642818 3.08900609502 8.93474831554
0.0155763223483 1 0.5 0.33 1.00148303428 3.26707461696 9.80526685668
0.730806685888 1 0.5 0.33 1.00136740417 3.06266740571 9.02968318524
3.0266184179 1 0.5 0.33 1.00135779404 3.0731212583 8.97426608311
0.274987661582 1 0.5 0.33 1.00134573436 3.05309120701 8.90033974551
4.55048441613 1 0.5 0.33 1.00138776792 3.21393231999 9.32972203934
2.59450158789 1 0.5 0.33 1.00145155704 3.27851010877 9.65697955879
0.426723719232 1 0.5 0.33 1.00144521984 3.28502166938 9.5985451035
0.549355759189 1 0.5 0.33 1.00138811903 3.25501267844 9.34559182296
0.0928536656011 1 0.5 0.33 1.00148525217 3.46246891692 10.0807488917
0.276933479688 1 0.5 0.33 1.00145425422 3.35968760279 9.7844416427
0.605029390692 1 0.5 0.33 1.00141702856 3.2334741423 9.46121907442
0.0225250227407 1 0.5 0.33 1.00137583722 2.98687337214 8.88873141376
2.80876423544 1 0.5 0.33 1.00143405429 3.24463026285 9.55088962534
0.77656922994 1 0.5 0.33 1.00140830119 3.19700185368 9.34799327402
19.4530503038 1 0.5 0.33 1.00143759153 3.31868623077 9.65982202793
4.68769847506 1 0.5 0.33 1.00139189685 3.18471709865 9.29008289663
4.28793450133 1 0.5 0.33 1.00144878989 3.31310179548 9.67390807123
0.533017663573 1 0.5 0.33 1.00146374941 3.35221557284 9.81291884256
0.0211714690706 1 0.5 0.33 1.00139930687 3.24884232943 9.32976123788
0.183257342911 1 0.5 0.33 1.00147209838 3.31620181239 9.76455945884
0.236517579121 1 0.5 0.33 1.00129689207 2.95126406887 8.5813369969
0.0295582355315 1 0.5 0.33 1.00147106737 3.19207442051 9.60317573056
0.00813555263068 1 0.5 0.33 1.00132347387 3.11375451233 8.88701377016
0.0242907800675 1 0.5 0.33 1.00134200848 2.94107512525 8.66120315449
0.198448277106 1 0.5 0.33 1.00137017884 3.01633906137 8.97306153894
0.0136071737856 1 0.5 0.33 1.00141001045 3.20752576878 9.50124189985
0.00836767614593 1 0.5 0.33 1.00136463791 3.01601698032 8.95502317007
0.0332537410245 1 0.5 0.33 1.00129500227 2.78012079348 8.40230979348
0.0158946233401 1 0.5 0.33 1.00144362596 3.23955802812 9.48927584991
1.35667085135 1 0.5 0.33 1.00140885822 3.20885754798 9.36484196172
0.039004746809 1 0.5 0.33 1.00131858718 2.84588529397 8.46683514319
2.36438197487 1 0.5 0.33 1.00143689409 3.29195305854 9.60799319528
0.107054846347 1 0.5 0.33 1.00141180148 3.12234471319 9.2600619378
0.975910066396 1 0.5 0.33 1.00147493703 3.37728323752 9.89492746254
0.0470330374267 1 0.5 0.33 1.00156584909 3.56611009691 10.5950489381
0.245206963861 1 0.5 0.33 1.0014419407 3.25023144554 9.62378790537
1.94728957123 1 0.5 0.33 1.00143340178 3.34257590439 9.73761177258
0.220103974146 1 0.5 0.33 1.00135225037 2.99839122719 8.87449136333
0.0388717341683 1 0.5 0.33 1.00141081248 3.15687086225 9.30951643035
1.86516830257 1 0.5 0.33 1.00131912548 3.0290096706 8.79203869148
0.170077087427 1 0.5 0.33 1.00134867522 2.9650708672 8.72995985597
0.00802981381661 1 0.5 0.33 1.00123906431 2.76142992536 8.08598160922
0.154378743259 1 0.5 0.33 1.00130014608 2.90608180728 8.48390982905
0.516878308954 1 0.5 0.33 1.00138914084 3.13907543029 9.28190523262
0.147034020004 1 0.5 0.33 1.0014067721 3.09293594478 9.17125549804
0.690654151038 1 0.5 0.33 1.0013229329 3.01980857423 8.81537790117
0.341699681585 1 0.5 0.33 1.00136267669 3.1265818287 9.1469121403
0.00445468578102 1 0.5 0.33 1.00140858173 2.98246066332 9.06811626453
0.511096600698 1 0.5 0.33 1.00135256091 3.03247025009 8.91722727213
1.87614520509 1 0.5 0.33 1.00133571867 3.08872845352 8.91661711059
0.283689289624 1 0.5 0.33 1.0013728508 3.15235233502 9.10892244445
0.832456412507 1 0.5 0.33 1.00144015601 3.25638883102 9.52388686384
0.23331823684 1 0.5 0.33 1.00140322074 3.24388297497 9.36234421661
1.53876345581 1 0.5 0.33 1.00147976785 3.38701976857 9.91990685177
10.4433591387 1 0.5 0.33 1.00140506873 3.23202503352 9.38561534796
2.00004929084 1 0.5 0.33 1.001450138 3.36744379763 9.83854657026
1.44011364016 1 0.5 0.33 1.00145970165 3.3386952298 9.75823972112
0.138534609082 1 0.5 0.33 1.00144434545 3.27257515964 9.60269335959
0.359399379202 1 0.5 0.33 1.001425476 3.21493010523 9.43032096706
0.681873562815 1 0.5 0.33 1.00135072638 3.09449951336 9.00491570302
0.0145187760225 1 0.5 0.33 1.00132203953 3.04064604632 8.82044681562
0.299635764068 1 0.5 0.33 1.00145560997 3.27532376998 9.69948420357
0.0827056154339 1 0.5 0.33 1.00146332116 3.25039749447 9.67730902236
0.368590362236 1 0.5 0.33 1.00143556441 3.131527462 9.38160275985
0.0125948823632 1 0.5 0.33 1.00140276136 3.02146243787 9.08633025031
0.0495851002026 1 0.5 0.33 1.00130648821 2.84961311014 8.49238295492
0.00292470911587 1 0.5 0.33 1.00132024427 2.88349411976 8.65805915267
0.189433903046 1 0.5 0.33 1.00133793129 2.99418969059 8.80205933398
0.270281680812 1 0.5 0.33 1.00145119454 3.22408538843 9.6418539816
0.00832516369431 1 0.5 0.33 1.00141923769 3.15515626281 9.45891598952
0.0279701120403 1 0.5 0.33 1.00134986278 2.961808348 8.77757568039
0.0138272039102 1 0.5 0.33 1.0012685744 2.80376921183 8.22802300976
1.33067157809 1 0.5 0.33 1.00139372657 3.1166965659 9.21961245364
0.150926051398 1 0.5 0.33 1.00136987804 3.14151914718 9.19146890976
0.104309542577 1 0.5 0.33 1.00137832204 3.0885377904 9.12210083408
0.0984482363348 1 0.5 0.33 1.00140723757 3.11112671156 9.28146054692
0.0754364585789 1 0.5 0.33 1.00133981253 2.95928147781 8.76416266226
0.10275686498 1 0.5 0.33 1.00141405649 3.17224195567 9.40407940353
0.0725786841331 1 0.5 0.33 1.0013486211 3.05453357506 8.89772492794
0.906622094408 1 0.5 0.33 1.00147254813 3.35109307237 9.89827664771
0.000946196765816 1 0.5 0.33 1.00126389363 2.91610646805 8.35699359374
0.0897353580868 1 0.5 0.33 1.00133567675 3.03630997074 8.85289754227
0.178392525272 1 0.5 0.33 1.00130464727 2.87141185122 8.48754362401
0.0300523746795 1 0.5 0.33 1.00130867661 2.82702285604 8.4060850706
0.127902592379 1 0.5 0.33 1.0013789413 3.00840009661 8.9265548417
0.422924111629 1 0.5 0.33 1.00136302225 3.12045769413 9.10258674149
1.00598402205 1 0.5 0.33 1.00140596529 3.26816937814 9.47286085425
0.158738082728 1 0.5 0.33 1.00144913858 3.28772493145 9.68091115581
0.0304321711098 1 0.5 0.33 1.00131389848 2.89660745634 8.53391942275
0.00442958041895 1 0.5 0.33 1.00127122695 2.72380922172 8.11032612354
1.71454645029 1 0.5 0.33 1.00142802496 3.21703069143 9.47440460129
0.311335355952 1 0.5 0.33 1.00153010555 3.4677025858 10.2118399864
0.285897808198 1 0.5 0.33 1.00141769492 3.23228752157 9.47934469241
0.00817115427188 1 0.5 0.33 1.00139661845 3.11838718639 9.28690438024
0.476899836761 1 0.5 0.33 1.00141202923 3.22007520915 9.3935739925
0.0928118852404 1 0.5 0.33 1.00135980343 3.09308543199 9.0362084403
0.266036380865 1 0.5 0.33 1.00137268804 3.05225588129 8.99978165573
0.0687456620779 1 0.5 0.33 1.00131768327 2.89867774463 8.51187900753
0.0222609873502 1 0.5 0.33 1.00126782359 2.9310509723 8.42099409543
0.0763901958602 1 0.5 0.33 1.00140701099 3.06533898939 9.15930451806
0.0744394383437 1 0.5 0.33 1.00136286516 3.04350826477 9.05840537934
1.05586538272 1 0.5 0.33 1.00144192361 3.24846043886 9.63207310764
0.56662642597 1 0.5 0.33 1.0014019498 3.19969506015 9.39142781533
0.257423029333 1 0.5 0.33 1.00141187601 3.14035432216 9.20070629219
2.72585594748 1 0.5 0.33 1.00140944448 3.12378550878 9.30346762335
0.367491695071 1 0.5 0.33 1.00143956754 3.30830865346 9.69748687793
0.238477194485 1 0.5 0.33 1.00143768088 3.16251964522 9.42811184585
0.116597975436 1 0.5 0.33 1.00140340127 3.16163551059 9.28793359106
1.07629002475 1 0.5 0.33 1.00150166673 3.45247845804 10.0505951806
0.208781625639 1 0.5 0.33 1.00149390321 3.54490871814 10.2670857037
0.0393633998393 1 0.5 0.33 1.00140560327 3.36884287369 9.60308296644
5.60149456905 1 0.5 0.33 1.00146475523 3.5001357578 10.0086121904
0.398829727732 1 0.5 0.33 1.00150976561 3.56290078478 10.3334390171
0.023876764814 1 0.5 0.33 1.00146654641 3.43829846866 9.8813629882
0.0770429056724 1 0.5 0.33 1.00152449196 3.54143009035 10.3762961719
0.107955283662 1 0.5 0.33 1.00142080387 3.34023169269 9.60857316357
0.509187372741 1 0.5 0.33 1.00149078051 3.49700192518 10.1311236883
0.0900205813856 1 0.5 0.33 1.00143048364 3.36705930522 9.6751675433
0.0847558508739 1 0.5 0.33 1.00141149515 3.33390934361 9.57041489759
1.73064672395 1 0.5 0.33 1.00149479593 3.49964867963 10.1419037383
4.09644334628 1 0.5 0.33 1.00137755155 3.23231387539 9.26811936225
0.442475918316 1 0.5 0.33 1.00133248592 3.1080786696 8.8916506996
2.18130694804 1 0.5 0.33 1.00138712658 3.19681237265 9.32108719176
0.0799343202032 1 0.5 0.33 1.00140273676 3.24817561982 9.33735077693
0.789270210305 1 0.5 0.33 1.00145227815 3.360395814 9.84115239412
5.44457587622 1 0.5 0.33 1.00143843424 3.3179755493 9.65412742691
0.0741032787837 1 0.5 0.33 1.00140647153 3.14385308376 9.36364750874
0.101632535167 1 0.5 0.33 1.00138838952 3.12129097408 9.16302555117
0.39411169882 1 0.5 0.33 1.00142830298 3.27976809333 9.59657764998
0.416545926295 1 0.5 0.33 1.00139509614 3.14066361307 9.25822587876
0.0124384934716 1 0.5 0.33 1.00130253868 2.95246729603 8.57906965131
0.234991750627 1 0.5 0.33 1.00137342267 3.06633154493 9.01141149755
0.262721965554 1 0.5 0.33 1.00151117222 3.50182586794 10.2569013233
4.14099923181 1 0.5 0.33 1.0014328767 3.27389006827 9.52251920408
0.0818644363432 1 0.5 0.33 1.00149754672 3.43699680001 10.1506528892
1.53561520382 1 0.5 0.33 1.00143605698 3.24862351071 9.57319331341
0.0187703831477 1 0.5 0.33 1.00145957978 3.39987723052 9.81484825296
0.133094563525 1 0.5 0.33 1.00148911967 3.44224315639 9.9865813151
8.09731711941 1 0.5 0.33 1.00142627024 3.33549275827 9.61106304331
