0 49
1 48
1 49
2 47
2 48
3 46
3 47
4 45
4 46
5 44
5 45
6 43
6 44
7 42
7 43
7 44
8 42
8 43
9 41
9 42
10 40
10 41
11 39
11 40
12 38
12 39
13 37
13 38
14 36
14 37
15 35
15 36
15 37
16 34
16 35
16 36
17 34
17 35
18 33
18 34
19 32
19 33
20 31
20 32
21 30
21 31
22 29
22 30
23 28
23 29
24 27
24 28
25 26
25 27
26 25
26 26
27 24
27 25
28 23
28 24
29 22
29 23
30 21
30 22
31 20
31 21
32 19
32 20
33 18
33 19
34 17
34 18
35 16
35 17
36 15
36 16
37 14
37 15
38 12
38 13
38 14
39 11
39 12
39 13
40 10
40 11
40 12
41 9
41 10
41 11
42 8
42 9
43 7
43 8
44 6
44 7
45 4
45 5
45 6
46 3
46 4
47 2
47 3
48 1
48 2
49 0
49 1

