1000 22.0381662761
2000 16.7987689777
3000 17.0395308256
4000 19.8324583588
5000 47.7106672572
6000 6.10716937408
7000 3.96578360537
8000 8.10845236779
9000 14.7716048467
10000 3.51960661625
11000 9.18235019535
12000 34.6861370253
13000 32.2960370073
14000 11.354388444
15000 2.57278776591
16000 5.08735831581
17000 7.27017690519
18000 10.5047622054
19000 2.05804431287
20000 4.46045669174
21000 14.7331732314
22000 8.17184039401
23000 3.81407276176
24000 6.16593593653
25000 5.19220148422
26000 4.02171746151
27000 3.17374588608
28000 19.5370122567
29000 8.00201578538
30000 2.72154831492
31000 2.93789986585
32000 3.00896943933
33000 5.78094415709
34000 9.90475948147
35000 5.73821200771
36000 2.26809179613
37000 4.65373958751
38000 5.92342672729
39000 7.22908108618
40000 28.7586890843
41000 5.06066666148
42000 19.8853378311
43000 18.6800550589
44000 13.3021160542
45000 5.96635008313
46000 3.74127730051
47000 2.03632691229
48000 10.9502881169
49000 7.80462976685
50000 6.31104210405
51000 1.57541759719
52000 8.91951948718
53000 7.02875791583
54000 3.42126830217
55000 15.3819795653
56000 3.4973642011
57000 3.48769498036
58000 8.47661398909
59000 7.03411843328
60000 5.55296229604
61000 10.0260614123
62000 4.26974505939
63000 22.8297986603
64000 27.3464075309
65000 3.26457867939
66000 26.2325573632
67000 4.36509813151
68000 1.82258717913
69000 12.1770097051
70000 2.51215593293
71000 3.14406349977
72000 11.141112643
73000 31.3731167865
74000 5.36666243118
75000 1.76366963329
76000 5.75586268046
77000 4.89242313417
78000 6.43307998949
79000 7.01463642976
80000 1.7151375096
81000 12.8062500479
82000 12.0536079496
83000 3.48608319
84000 4.9907453137
85000 2.85064762108
86000 2.22892725834
87000 1.53084733159
88000 10.882612142
89000 11.3331520523
90000 14.4546169255
91000 11.770664966
92000 7.19169866045
93000 19.2666998802
94000 1.84603187218
95000 5.17435892341
